--- Start tokenisation
Changed working directory to root of repository
Start preprocessing adata...
Number of genes dropped: 64
[    4     5     6 ... 13173 13174 13175]
Finished preprocessing adata.
Start tokenisation of adata...
Tokenizing T_perturb/pp/res/lps/dataset_all_subsetted/lps_all.h5ad
T_perturb/pp/res/lps/dataset_all_subsetted/lps_all.h5ad has no column attribute 'filter_pass'; tokenizing all cells.
Creating dataset.
Finished tokenisation.

------------------------------------------------------------
Sender: LSF System <lsfadmin@dgx-b11>
Subject: Job 496205: <random_pairing_GF_tokenisation> in cluster <farm22> Done

Job <random_pairing_GF_tokenisation> was submitted from host <farm22-head1> by user <dv8> in cluster <farm22> at Thu Nov  7 15:46:22 2024
Job was executed on host(s) <32*dgx-b11>, in queue <gpu-lotfollahi>, as user <dv8> in cluster <farm22> at Thu Nov  7 15:46:23 2024
</nfs/users/nfs_d/dv8> was used as the home directory.
</lustre/scratch126/cellgen/team298/dv8/trace_paper/trace_repo/T_perturb> was used as the working directory.
Started at Thu Nov  7 15:46:23 2024
Terminated at Thu Nov  7 16:10:28 2024
Results reported at Thu Nov  7 16:10:28 2024

Your job looked like:

------------------------------------------------------------
# LSBATCH: User input
#make a date directory if it does not exist
#!/bin/bash
#BSUB -q gpu-lotfollahi # name of the partition to run job on (options: gpu-normal, gpu-huge, gpu-lotfollahi)
#BSUB -gpu "mode=shared:num=1" # request for exclusive access to gpu
#BSUB -n 32 # number of cores
#BSUB -G team298 # groupname for billing
#BSUB -cwd /lustre/scratch126/cellgen/team298/dv8/trace_paper/trace_repo/T_perturb 
#BSUB -o T_perturb/log/random_pairing_GF_tokenisation_%J.out # output file
#BSUB -e T_perturb/log/random_pairing_GF_tokenisation_%J.err # error file
#BSUB -M 150000  # RAM memory part 2. Default: 100MB
#BSUB -R 'select[mem>150000] rusage[mem=150000]' # RAM memory part 1. Default: 100MB
#BSUB -J random_pairing_GF_tokenisation # job name

# activate python environment
# source /lustre/scratch123/hgi/projects/healthy_imm_expr/t_generative/.petra_cuda12/bin/activate
cwd=$(pwd)

echo "--- Start tokenisation"

python3 $cwd/T_perturb/pp/GF_tokenisation.py \
--h5ad_path '/lustre/scratch126/cellgen/team298/dv8/trace_paper/concatenated_lps_data_dv.h5ad' \
--dataset 'lps' \
--gene_filtering_mode 'all' \
--var_list cell_type_cellgen_harm time_after_LPS donor_cellgen_harm \
batch cell_pairing_index \
--pairing_mode stratified \
--nproc 32 \

------------------------------------------------------------

Successfully completed.

Resource usage summary:

    CPU time :                                   3332.41 sec.
    Max Memory :                                 32584 MB
    Average Memory :                             10524.94 MB
    Total Requested Memory :                     150000.00 MB
    Delta Memory :                               117416.00 MB
    Max Swap :                                   -
    Max Processes :                              9
    Max Threads :                                84
    Run time :                                   1445 sec.
    Turnaround time :                            1446 sec.

The output (if any) is above this job summary.



PS:

Read file <T_perturb/log/random_pairing_GF_tokenisation_496205.err> for stderr output of this job.

